2026-01-02 20:08:58,904 [Worker-8: Loading available Gradle versions] INFO  o.e.b.c.i.u.g.PublishedGradleVersions - Gradle version information cache is out-of-date. Trying to update.
2026-01-02 20:12:01,568 [Worker-2: Launching mavenrun-fcf70a93-7f6d-486e-9e06-c140a51c58f0] INFO  o.eclipse.m2e.core.internal.Bundles - getClasspathEntries(Bundle=org.eclipse.m2e.maven.runtime_3.9.700.20240602-2313 [299])
2026-01-02 20:12:01,576 [Worker-2: Launching mavenrun-fcf70a93-7f6d-486e-9e06-c140a51c58f0] INFO  o.eclipse.m2e.core.internal.Bundles - 	Entry: C:\Users\jrenz\.p2\pool\plugins\org.eclipse.m2e.maven.runtime_3.9.700.20240602-2313
2026-01-02 20:12:01,576 [Worker-2: Launching mavenrun-fcf70a93-7f6d-486e-9e06-c140a51c58f0] INFO  o.eclipse.m2e.core.internal.Bundles - 	Entry: C:\Users\jrenz\.p2\pool\plugins\org.eclipse.m2e.maven.runtime_3.9.700.20240602-2313\jars\aopalliance-1.0.jar
2026-01-02 20:12:01,577 [Worker-2: Launching mavenrun-fcf70a93-7f6d-486e-9e06-c140a51c58f0] INFO  o.eclipse.m2e.core.internal.Bundles - 	Entry: C:\Users\jrenz\.p2\pool\plugins\org.eclipse.m2e.maven.runtime_3.9.700.20240602-2313\jars\guice-5.1.0.jar
2026-01-02 20:12:01,578 [Worker-2: Launching mavenrun-fcf70a93-7f6d-486e-9e06-c140a51c58f0] INFO  o.eclipse.m2e.core.internal.Bundles - 	Entry: C:\Users\jrenz\.p2\pool\plugins\org.eclipse.m2e.maven.runtime_3.9.700.20240602-2313\jars\httpclient-4.5.14.jar
2026-01-02 20:12:01,578 [Worker-2: Launching mavenrun-fcf70a93-7f6d-486e-9e06-c140a51c58f0] INFO  o.eclipse.m2e.core.internal.Bundles - 	Entry: C:\Users\jrenz\.p2\pool\plugins\org.eclipse.m2e.maven.runtime_3.9.700.20240602-2313\jars\httpcore-4.4.16.jar
2026-01-02 20:12:01,579 [Worker-2: Launching mavenrun-fcf70a93-7f6d-486e-9e06-c140a51c58f0] INFO  o.eclipse.m2e.core.internal.Bundles - 	Entry: C:\Users\jrenz\.p2\pool\plugins\org.eclipse.m2e.maven.runtime_3.9.700.20240602-2313\jars\jansi-2.4.1.jar
2026-01-02 20:12:01,579 [Worker-2: Launching mavenrun-fcf70a93-7f6d-486e-9e06-c140a51c58f0] INFO  o.eclipse.m2e.core.internal.Bundles - 	Entry: C:\Users\jrenz\.p2\pool\plugins\org.eclipse.m2e.maven.runtime_3.9.700.20240602-2313\jars\jcl-over-slf4j-1.7.36.jar
2026-01-02 20:12:01,579 [Worker-2: Launching mavenrun-fcf70a93-7f6d-486e-9e06-c140a51c58f0] INFO  o.eclipse.m2e.core.internal.Bundles - 	Entry: C:\Users\jrenz\.p2\pool\plugins\org.eclipse.m2e.maven.runtime_3.9.700.20240602-2313\jars\maven-artifact-3.9.7.jar
2026-01-02 20:12:01,580 [Worker-2: Launching mavenrun-fcf70a93-7f6d-486e-9e06-c140a51c58f0] INFO  o.eclipse.m2e.core.internal.Bundles - 	Entry: C:\Users\jrenz\.p2\pool\plugins\org.eclipse.m2e.maven.runtime_3.9.700.20240602-2313\jars\maven-builder-support-3.9.7.jar
2026-01-02 20:12:01,580 [Worker-2: Launching mavenrun-fcf70a93-7f6d-486e-9e06-c140a51c58f0] INFO  o.eclipse.m2e.core.internal.Bundles - 	Entry: C:\Users\jrenz\.p2\pool\plugins\org.eclipse.m2e.maven.runtime_3.9.700.20240602-2313\jars\maven-compat-3.9.7.jar
2026-01-02 20:12:01,580 [Worker-2: Launching mavenrun-fcf70a93-7f6d-486e-9e06-c140a51c58f0] INFO  o.eclipse.m2e.core.internal.Bundles - 	Entry: C:\Users\jrenz\.p2\pool\plugins\org.eclipse.m2e.maven.runtime_3.9.700.20240602-2313\jars\maven-core-3.9.7.jar
2026-01-02 20:12:01,581 [Worker-2: Launching mavenrun-fcf70a93-7f6d-486e-9e06-c140a51c58f0] INFO  o.eclipse.m2e.core.internal.Bundles - 	Entry: C:\Users\jrenz\.p2\pool\plugins\org.eclipse.m2e.maven.runtime_3.9.700.20240602-2313\jars\maven-embedder-3.9.7.jar
2026-01-02 20:12:01,581 [Worker-2: Launching mavenrun-fcf70a93-7f6d-486e-9e06-c140a51c58f0] INFO  o.eclipse.m2e.core.internal.Bundles - 	Entry: C:\Users\jrenz\.p2\pool\plugins\org.eclipse.m2e.maven.runtime_3.9.700.20240602-2313\jars\maven-model-3.9.7.jar
2026-01-02 20:12:01,582 [Worker-2: Launching mavenrun-fcf70a93-7f6d-486e-9e06-c140a51c58f0] INFO  o.eclipse.m2e.core.internal.Bundles - 	Entry: C:\Users\jrenz\.p2\pool\plugins\org.eclipse.m2e.maven.runtime_3.9.700.20240602-2313\jars\maven-model-builder-3.9.7.jar
2026-01-02 20:12:01,582 [Worker-2: Launching mavenrun-fcf70a93-7f6d-486e-9e06-c140a51c58f0] INFO  o.eclipse.m2e.core.internal.Bundles - 	Entry: C:\Users\jrenz\.p2\pool\plugins\org.eclipse.m2e.maven.runtime_3.9.700.20240602-2313\jars\maven-plugin-api-3.9.7.jar
2026-01-02 20:12:01,583 [Worker-2: Launching mavenrun-fcf70a93-7f6d-486e-9e06-c140a51c58f0] INFO  o.eclipse.m2e.core.internal.Bundles - 	Entry: C:\Users\jrenz\.p2\pool\plugins\org.eclipse.m2e.maven.runtime_3.9.700.20240602-2313\jars\maven-repository-metadata-3.9.7.jar
2026-01-02 20:12:01,583 [Worker-2: Launching mavenrun-fcf70a93-7f6d-486e-9e06-c140a51c58f0] INFO  o.eclipse.m2e.core.internal.Bundles - 	Entry: C:\Users\jrenz\.p2\pool\plugins\org.eclipse.m2e.maven.runtime_3.9.700.20240602-2313\jars\maven-resolver-api-1.9.20.jar
2026-01-02 20:12:01,583 [Worker-2: Launching mavenrun-fcf70a93-7f6d-486e-9e06-c140a51c58f0] INFO  o.eclipse.m2e.core.internal.Bundles - 	Entry: C:\Users\jrenz\.p2\pool\plugins\org.eclipse.m2e.maven.runtime_3.9.700.20240602-2313\jars\maven-resolver-connector-basic-1.9.20.jar
2026-01-02 20:12:01,584 [Worker-2: Launching mavenrun-fcf70a93-7f6d-486e-9e06-c140a51c58f0] INFO  o.eclipse.m2e.core.internal.Bundles - 	Entry: C:\Users\jrenz\.p2\pool\plugins\org.eclipse.m2e.maven.runtime_3.9.700.20240602-2313\jars\maven-resolver-impl-1.9.20.jar
2026-01-02 20:12:01,584 [Worker-2: Launching mavenrun-fcf70a93-7f6d-486e-9e06-c140a51c58f0] INFO  o.eclipse.m2e.core.internal.Bundles - 	Entry: C:\Users\jrenz\.p2\pool\plugins\org.eclipse.m2e.maven.runtime_3.9.700.20240602-2313\jars\maven-resolver-named-locks-1.9.20.jar
2026-01-02 20:12:01,584 [Worker-2: Launching mavenrun-fcf70a93-7f6d-486e-9e06-c140a51c58f0] INFO  o.eclipse.m2e.core.internal.Bundles - 	Entry: C:\Users\jrenz\.p2\pool\plugins\org.eclipse.m2e.maven.runtime_3.9.700.20240602-2313\jars\maven-resolver-provider-3.9.7.jar
2026-01-02 20:12:01,585 [Worker-2: Launching mavenrun-fcf70a93-7f6d-486e-9e06-c140a51c58f0] INFO  o.eclipse.m2e.core.internal.Bundles - 	Entry: C:\Users\jrenz\.p2\pool\plugins\org.eclipse.m2e.maven.runtime_3.9.700.20240602-2313\jars\maven-resolver-spi-1.9.20.jar
2026-01-02 20:12:01,585 [Worker-2: Launching mavenrun-fcf70a93-7f6d-486e-9e06-c140a51c58f0] INFO  o.eclipse.m2e.core.internal.Bundles - 	Entry: C:\Users\jrenz\.p2\pool\plugins\org.eclipse.m2e.maven.runtime_3.9.700.20240602-2313\jars\maven-resolver-transport-file-1.9.20.jar
2026-01-02 20:12:01,586 [Worker-2: Launching mavenrun-fcf70a93-7f6d-486e-9e06-c140a51c58f0] INFO  o.eclipse.m2e.core.internal.Bundles - 	Entry: C:\Users\jrenz\.p2\pool\plugins\org.eclipse.m2e.maven.runtime_3.9.700.20240602-2313\jars\maven-resolver-transport-http-1.9.20.jar
2026-01-02 20:12:01,586 [Worker-2: Launching mavenrun-fcf70a93-7f6d-486e-9e06-c140a51c58f0] INFO  o.eclipse.m2e.core.internal.Bundles - 	Entry: C:\Users\jrenz\.p2\pool\plugins\org.eclipse.m2e.maven.runtime_3.9.700.20240602-2313\jars\maven-resolver-transport-wagon-1.9.20.jar
2026-01-02 20:12:01,586 [Worker-2: Launching mavenrun-fcf70a93-7f6d-486e-9e06-c140a51c58f0] INFO  o.eclipse.m2e.core.internal.Bundles - 	Entry: C:\Users\jrenz\.p2\pool\plugins\org.eclipse.m2e.maven.runtime_3.9.700.20240602-2313\jars\maven-resolver-util-1.9.20.jar
2026-01-02 20:12:01,587 [Worker-2: Launching mavenrun-fcf70a93-7f6d-486e-9e06-c140a51c58f0] INFO  o.eclipse.m2e.core.internal.Bundles - 	Entry: C:\Users\jrenz\.p2\pool\plugins\org.eclipse.m2e.maven.runtime_3.9.700.20240602-2313\jars\maven-settings-3.9.7.jar
2026-01-02 20:12:01,587 [Worker-2: Launching mavenrun-fcf70a93-7f6d-486e-9e06-c140a51c58f0] INFO  o.eclipse.m2e.core.internal.Bundles - 	Entry: C:\Users\jrenz\.p2\pool\plugins\org.eclipse.m2e.maven.runtime_3.9.700.20240602-2313\jars\maven-settings-builder-3.9.7.jar
2026-01-02 20:12:01,587 [Worker-2: Launching mavenrun-fcf70a93-7f6d-486e-9e06-c140a51c58f0] INFO  o.eclipse.m2e.core.internal.Bundles - 	Entry: C:\Users\jrenz\.p2\pool\plugins\org.eclipse.m2e.maven.runtime_3.9.700.20240602-2313\jars\maven-shared-utils-3.4.2.jar
2026-01-02 20:12:01,588 [Worker-2: Launching mavenrun-fcf70a93-7f6d-486e-9e06-c140a51c58f0] INFO  o.eclipse.m2e.core.internal.Bundles - 	Entry: C:\Users\jrenz\.p2\pool\plugins\org.eclipse.m2e.maven.runtime_3.9.700.20240602-2313\jars\org.eclipse.sisu.inject-0.9.0.M2.jar
2026-01-02 20:12:01,588 [Worker-2: Launching mavenrun-fcf70a93-7f6d-486e-9e06-c140a51c58f0] INFO  o.eclipse.m2e.core.internal.Bundles - 	Entry: C:\Users\jrenz\.p2\pool\plugins\org.eclipse.m2e.maven.runtime_3.9.700.20240602-2313\jars\org.eclipse.sisu.plexus-0.9.0.M2.jar
2026-01-02 20:12:01,589 [Worker-2: Launching mavenrun-fcf70a93-7f6d-486e-9e06-c140a51c58f0] INFO  o.eclipse.m2e.core.internal.Bundles - 	Entry: C:\Users\jrenz\.p2\pool\plugins\org.eclipse.m2e.maven.runtime_3.9.700.20240602-2313\jars\plexus-build-api-0.0.7.jar
2026-01-02 20:12:01,589 [Worker-2: Launching mavenrun-fcf70a93-7f6d-486e-9e06-c140a51c58f0] INFO  o.eclipse.m2e.core.internal.Bundles - 	Entry: C:\Users\jrenz\.p2\pool\plugins\org.eclipse.m2e.maven.runtime_3.9.700.20240602-2313\jars\plexus-build-api-1.2.0.jar
2026-01-02 20:12:01,589 [Worker-2: Launching mavenrun-fcf70a93-7f6d-486e-9e06-c140a51c58f0] INFO  o.eclipse.m2e.core.internal.Bundles - 	Entry: C:\Users\jrenz\.p2\pool\plugins\org.eclipse.m2e.maven.runtime_3.9.700.20240602-2313\jars\plexus-cipher-2.0.jar
2026-01-02 20:12:01,590 [Worker-2: Launching mavenrun-fcf70a93-7f6d-486e-9e06-c140a51c58f0] INFO  o.eclipse.m2e.core.internal.Bundles - 	Entry: C:\Users\jrenz\.p2\pool\plugins\org.eclipse.m2e.maven.runtime_3.9.700.20240602-2313\jars\plexus-classworlds-2.8.0.jar
2026-01-02 20:12:01,590 [Worker-2: Launching mavenrun-fcf70a93-7f6d-486e-9e06-c140a51c58f0] INFO  o.eclipse.m2e.core.internal.Bundles - 	Entry: C:\Users\jrenz\.p2\pool\plugins\org.eclipse.m2e.maven.runtime_3.9.700.20240602-2313\jars\plexus-component-annotations-2.1.0.jar
2026-01-02 20:12:01,591 [Worker-2: Launching mavenrun-fcf70a93-7f6d-486e-9e06-c140a51c58f0] INFO  o.eclipse.m2e.core.internal.Bundles - 	Entry: C:\Users\jrenz\.p2\pool\plugins\org.eclipse.m2e.maven.runtime_3.9.700.20240602-2313\jars\plexus-interpolation-1.27.jar
2026-01-02 20:12:01,591 [Worker-2: Launching mavenrun-fcf70a93-7f6d-486e-9e06-c140a51c58f0] INFO  o.eclipse.m2e.core.internal.Bundles - 	Entry: C:\Users\jrenz\.p2\pool\plugins\org.eclipse.m2e.maven.runtime_3.9.700.20240602-2313\jars\plexus-sec-dispatcher-2.0.jar
2026-01-02 20:12:01,592 [Worker-2: Launching mavenrun-fcf70a93-7f6d-486e-9e06-c140a51c58f0] INFO  o.eclipse.m2e.core.internal.Bundles - 	Entry: C:\Users\jrenz\.p2\pool\plugins\org.eclipse.m2e.maven.runtime_3.9.700.20240602-2313\jars\plexus-utils-3.5.1.jar
2026-01-02 20:12:01,593 [Worker-2: Launching mavenrun-fcf70a93-7f6d-486e-9e06-c140a51c58f0] INFO  o.eclipse.m2e.core.internal.Bundles - 	Entry: C:\Users\jrenz\.p2\pool\plugins\org.eclipse.m2e.maven.runtime_3.9.700.20240602-2313\jars\wagon-file-3.5.3.jar
2026-01-02 20:12:01,593 [Worker-2: Launching mavenrun-fcf70a93-7f6d-486e-9e06-c140a51c58f0] INFO  o.eclipse.m2e.core.internal.Bundles - 	Entry: C:\Users\jrenz\.p2\pool\plugins\org.eclipse.m2e.maven.runtime_3.9.700.20240602-2313\jars\wagon-http-3.5.3.jar
2026-01-02 20:12:01,594 [Worker-2: Launching mavenrun-fcf70a93-7f6d-486e-9e06-c140a51c58f0] INFO  o.eclipse.m2e.core.internal.Bundles - 	Entry: C:\Users\jrenz\.p2\pool\plugins\org.eclipse.m2e.maven.runtime_3.9.700.20240602-2313\jars\wagon-http-shared-3.5.3.jar
2026-01-02 20:12:01,594 [Worker-2: Launching mavenrun-fcf70a93-7f6d-486e-9e06-c140a51c58f0] INFO  o.eclipse.m2e.core.internal.Bundles - 	Entry: C:\Users\jrenz\.p2\pool\plugins\org.eclipse.m2e.maven.runtime_3.9.700.20240602-2313\jars\wagon-provider-api-3.5.3.jar
2026-01-02 20:12:01,597 [Worker-2: Launching mavenrun-fcf70a93-7f6d-486e-9e06-c140a51c58f0] INFO  o.eclipse.m2e.core.internal.Bundles - getClasspathEntries(Bundle=com.google.guava_33.2.0.jre [10])
2026-01-02 20:12:01,599 [Worker-2: Launching mavenrun-fcf70a93-7f6d-486e-9e06-c140a51c58f0] INFO  o.eclipse.m2e.core.internal.Bundles - 	Entry: C:\Users\jrenz\.p2\pool\plugins\com.google.guava_33.2.0.jre.jar
2026-01-02 20:12:01,599 [Worker-2: Launching mavenrun-fcf70a93-7f6d-486e-9e06-c140a51c58f0] INFO  o.eclipse.m2e.core.internal.Bundles - getClasspathEntries(Bundle=slf4j.api_2.0.16 [520])
2026-01-02 20:12:01,600 [Worker-2: Launching mavenrun-fcf70a93-7f6d-486e-9e06-c140a51c58f0] INFO  o.eclipse.m2e.core.internal.Bundles - 	Entry: C:\Users\jrenz\.p2\pool\plugins\slf4j.api_2.0.16.jar
2026-01-02 20:12:01,600 [Worker-2: Launching mavenrun-fcf70a93-7f6d-486e-9e06-c140a51c58f0] INFO  o.eclipse.m2e.core.internal.Bundles - getClasspathEntries(Bundle=jakarta.inject.jakarta.inject-api_1.0.5 [21])
2026-01-02 20:12:01,602 [Worker-2: Launching mavenrun-fcf70a93-7f6d-486e-9e06-c140a51c58f0] INFO  o.eclipse.m2e.core.internal.Bundles - 	Entry: C:\Users\jrenz\.p2\pool\plugins\jakarta.inject.jakarta.inject-api_1.0.5.jar
2026-01-02 20:12:01,602 [Worker-2: Launching mavenrun-fcf70a93-7f6d-486e-9e06-c140a51c58f0] INFO  o.eclipse.m2e.core.internal.Bundles - getClasspathEntries(Bundle=javax.annotation_1.3.5.v20200909-1856 [24])
2026-01-02 20:12:01,603 [Worker-2: Launching mavenrun-fcf70a93-7f6d-486e-9e06-c140a51c58f0] INFO  o.eclipse.m2e.core.internal.Bundles - 	Entry: C:\Users\jrenz\.p2\pool\plugins\javax.annotation_1.3.5.v20200909-1856.jar
2026-01-02 20:12:01,603 [Worker-2: Launching mavenrun-fcf70a93-7f6d-486e-9e06-c140a51c58f0] INFO  o.eclipse.m2e.core.internal.Bundles - getClasspathEntries(Bundle=org.apache.commons.cli_1.8.0 [47])
2026-01-02 20:12:01,604 [Worker-2: Launching mavenrun-fcf70a93-7f6d-486e-9e06-c140a51c58f0] INFO  o.eclipse.m2e.core.internal.Bundles - 	Entry: C:\Users\jrenz\.p2\pool\plugins\org.apache.commons.cli_1.8.0.jar
2026-01-02 20:12:01,604 [Worker-2: Launching mavenrun-fcf70a93-7f6d-486e-9e06-c140a51c58f0] INFO  o.eclipse.m2e.core.internal.Bundles - getClasspathEntries(Bundle=org.apache.commons.commons-codec_1.16.0 [48])
2026-01-02 20:12:01,605 [Worker-2: Launching mavenrun-fcf70a93-7f6d-486e-9e06-c140a51c58f0] INFO  o.eclipse.m2e.core.internal.Bundles - 	Entry: C:\Users\jrenz\.p2\pool\plugins\org.apache.commons.commons-codec_1.16.0.jar
2026-01-02 20:12:01,605 [Worker-2: Launching mavenrun-fcf70a93-7f6d-486e-9e06-c140a51c58f0] INFO  o.eclipse.m2e.core.internal.Bundles - getClasspathEntries(Bundle=org.apache.commons.lang3_3.14.0 [54])
2026-01-02 20:12:01,607 [Worker-2: Launching mavenrun-fcf70a93-7f6d-486e-9e06-c140a51c58f0] INFO  o.eclipse.m2e.core.internal.Bundles - 	Entry: C:\Users\jrenz\.p2\pool\plugins\org.apache.commons.lang3_3.14.0.jar
2026-01-02 20:12:01,607 [Worker-2: Launching mavenrun-fcf70a93-7f6d-486e-9e06-c140a51c58f0] INFO  o.eclipse.m2e.core.internal.Bundles - getClasspathEntries(Bundle=com.google.guava.failureaccess_1.0.2 [11])
2026-01-02 20:12:01,610 [Worker-2: Launching mavenrun-fcf70a93-7f6d-486e-9e06-c140a51c58f0] INFO  o.eclipse.m2e.core.internal.Bundles - 	Entry: C:\Users\jrenz\.p2\pool\plugins\com.google.guava.failureaccess_1.0.2.jar
2026-01-02 20:12:01,629 [Worker-2: Launching mavenrun-fcf70a93-7f6d-486e-9e06-c140a51c58f0] INFO  o.e.m.i.launch.MavenLaunchDelegate - Run build in "C:\Users\jrenz\AppData\Local\Temp\m2e-archetypeGenerator2979582251660035529":
2026-01-02 20:12:01,666 [Worker-2: Launching mavenrun-fcf70a93-7f6d-486e-9e06-c140a51c58f0] INFO  o.e.m.i.launch.MavenLaunchDelegate -  mvn  -DarchetypeGroupId=org.apache.maven.archetypes -DarchetypeArtifactId=maven-archetype-simple -DarchetypeVersion=1.5 -DgroupId=cuatrovientos.dam2.psp -DartifactId=EjercicioCinesPsp -Dversion=0.0.1-SNAPSHOT -Dpackage=cuatrovientos.dam2.psp.EjercicioCinesPsp -DoutputDirectory=C:\Users\jrenz\Desktop\DAM2\EntregaPsp\EjercicioCines -Dstyle.color=always -U archetype:generate
2026-01-02 20:13:01,232 [Worker-24: Creating maven-archetype-simple] INFO  o.e.m.c.i.p.ProjectConfigurationManager - Collecting project info '/pom.xml' C:\Users\jrenz\Desktop\DAM2\EntregaPsp\EjercicioCines\EjercicioCinesPsp\pom.xml
